<?xml version="1.0" encoding="UTF-8"?>
<!-- Generated by org.testng.reporters.JUnitReportReporter -->
<testsuite skipped="0" hostname="DESKTOP-FF98F7V" name="TestScript.Flipkart" tests="1" failures="0" timestamp="2021-08-06T22:11:43 IST" time="18.585" errors="0">
  <testcase name="FlipkartDemo" time="18.585" classname="TestScript.Flipkart"/>
  <system-out/>
</testsuite> <!-- TestScript.Flipkart -->
