<?xml version="1.0" encoding="UTF-8"?>
<!-- Generated by org.testng.reporters.JUnitReportReporter -->
<testsuite skipped="0" hostname="DESKTOP-FF98F7V" name="TestScript.LoginTest" tests="1" failures="0" timestamp="2021-08-06T20:32:49 IST" time="49.459" errors="0">
  <testcase name="ValidateTextBox" time="49.459" classname="TestScript.LoginTest"/>
  <system-out/>
</testsuite> <!-- TestScript.LoginTest -->
