<?xml version="1.0" encoding="UTF-8"?>
<!-- Generated by org.testng.reporters.JUnitReportReporter -->
<testsuite hostname="DESKTOP-FF98F7V" failures="0" tests="1" name="TestScript.EdgeDemo" time="41.770" errors="0" timestamp="2021-08-05T16:47:16 IST" skipped="0">
  <testcase classname="TestScript.EdgeDemo" name="EdgeBrowser" time="41.770"/>
  <system-out/>
</testsuite> <!-- TestScript.EdgeDemo -->
