<?xml version="1.0" encoding="UTF-8"?>
<!-- Generated by org.testng.reporters.JUnitReportReporter -->
<testsuite hostname="DESKTOP-FF98F7V" failures="0" tests="1" name="TestScript.LoginTest" time="31.425" errors="0" timestamp="2021-08-05T16:47:16 IST" skipped="0">
  <testcase classname="TestScript.LoginTest" name="ValidateTextBox" time="31.425"/>
  <system-out/>
</testsuite> <!-- TestScript.LoginTest -->
