<?xml version="1.0" encoding="UTF-8"?>
<!-- Generated by org.testng.reporters.JUnitReportReporter -->
<testsuite skipped="0" hostname="DESKTOP-FF98F7V" name="TestScript.EdgeDemo" tests="1" failures="0" timestamp="2021-08-06T20:32:49 IST" time="81.333" errors="0">
  <testcase name="EdgeBrowser" time="81.333" classname="TestScript.EdgeDemo"/>
  <system-out/>
</testsuite> <!-- TestScript.EdgeDemo -->
