<?xml version="1.0" encoding="UTF-8"?>
<!-- Generated by org.testng.reporters.JUnitReportReporter -->
<testsuite skipped="0" hostname="DESKTOP-FF98F7V" name="TestScript.Flipkart" tests="1" failures="0" timestamp="2021-08-07T13:15:59 IST" time="22.759" errors="0">
  <testcase name="FlipkartDemo" time="22.759" classname="TestScript.Flipkart"/>
  <system-out/>
</testsuite> <!-- TestScript.Flipkart -->
